Warning: You are sending unauthenticated requests to the HF Hub. Please set a HF_TOKEN to enable higher rate limits and faster downloads.
[transformers] Model config: bos_token_id must be `None` or an integer within the vocabulary (between 0 and 31999), got 49406. This may result in unexpected behavior.
[transformers] Model config: eos_token_id must be `None` or an integer within the vocabulary (between 0 and 31999), got 49407. This may result in unexpected behavior.
Loading weights:   0%|          | 0/408 [00:00<?, ?it/s]Loading weights: 100%|██████████| 408/408 [00:00<00:00, 11925.93it/s]
[10/200] 1.4s elapsed
[20/200] 2.1s elapsed
[30/200] 2.8s elapsed
[40/200] 3.6s elapsed
[50/200] 4.3s elapsed
[60/200] 5.0s elapsed
[70/200] 5.7s elapsed
[80/200] 6.5s elapsed
[90/200] 7.2s elapsed
[100/200] 7.9s elapsed
[110/200] 8.7s elapsed
[120/200] 9.4s elapsed
[130/200] 10.2s elapsed
[140/200] 11.0s elapsed
[150/200] 11.7s elapsed
[160/200] 12.5s elapsed
[170/200] 13.3s elapsed
[180/200] 14.1s elapsed
[190/200] 14.8s elapsed
[200/200] 15.6s elapsed
Wrote 200 rows to analysis/output/romanticism/results.csv
